# JRE version: OpenJDK Runtime Environment Temurin-21.0.6+7 (21.0.6+7) (build 21.0.6+7-LTS)
# Java VM: OpenJDK 64-Bit Server VM Temurin-21.0.6+7 (21.0.6+7-LTS, mixed mode, emulated-client, sharing, tiered, compressed oops, compressed class ptrs, g1 gc, windows-amd64)
GC Precious Log:
 CardTable entry size: 512
 Card Set container configuration: InlinePtr #cards 5 size 8 Array Of Cards #cards 12 size 40 Howl #buckets 4 coarsen threshold 1843 Howl Bitmap #cards 512 size 80 coarsen threshold 460 Card regions per heap region 1 cards per card region 2048
 CPUs: 4 total, 4 available
 Memory: 8098M
 Large Page Support: Disabled
 NUMA Support: Disabled
 Compressed Oops: Enabled (32-bit)
 Heap Region Size: 1M
 Heap Min Capacity: 8M
 Heap Initial Capacity: 128M
 Heap Max Capacity: 2026M
 Pre-touch: Disabled
 Parallel Workers: 4
 Concurrent Workers: 1
 Concurrent Refinement Workers: 4
 Periodic GC: Disabled
Heap:
 garbage-first heap   total 58368K, used 34956K [0x0000000081600000, 0x0000000100000000)
  region size 1024K, 17 young (17408K), 3 survivors (3072K)
 Metaspace       used 39090K, committed 40192K, reserved 1114112K
  class space    used 5336K, committed 5760K, reserved 1048576K
GC Heap History (20 events):
Event: 151.452 GC heap before
{Heap before GC invocations=18 (full 1):
 garbage-first heap   total 59392K, used 51550K [0x0000000081600000, 0x0000000100000000)
  region size 1024K, 31 young (31744K), 0 survivors (0K)
 Metaspace       used 39458K, committed 40128K, reserved 1114112K
  class space    used 5434K, committed 5760K, reserved 1048576K
}
Event: 151.456 GC heap after
{Heap after GC invocations=19 (full 1):
 garbage-first heap   total 59392K, used 22729K [0x0000000081600000, 0x0000000100000000)
  region size 1024K, 3 young (3072K), 3 survivors (3072K)
 Metaspace       used 39458K, committed 40128K, reserved 1114112K
  class space    used 5434K, committed 5760K, reserved 1048576K
}
Event: 226.046 GC heap before
{Heap before GC invocations=19 (full 1):
 garbage-first heap   total 59392K, used 50377K [0x0000000081600000, 0x0000000100000000)
  region size 1024K, 30 young (30720K), 3 survivors (3072K)
 Metaspace       used 39474K, committed 40192K, reserved 1114112K
  class space    used 5436K, committed 5760K, reserved 1048576K
}
Event: 226.051 GC heap after
{Heap after GC invocations=20 (full 1):
 garbage-first heap   total 59392K, used 23824K [0x0000000081600000, 0x0000000100000000)
  region size 1024K, 2 young (2048K), 2 survivors (2048K)
 Metaspace       used 39474K, committed 40192K, reserved 1114112K
  class space    used 5436K, committed 5760K, reserved 1048576K
}
Event: 1776.601 GC heap before
{Heap before GC invocations=20 (full 1):
 garbage-first heap   total 59392K, used 49424K [0x0000000081600000, 0x0000000100000000)
  region size 1024K, 28 young (28672K), 2 survivors (2048K)
 Metaspace       used 39482K, committed 40192K, reserved 1114112K
  class space    used 5437K, committed 5760K, reserved 1048576K
}
Event: 1776.653 GC heap after
{Heap after GC invocations=21 (full 2):
 garbage-first heap   total 58368K, used 16492K [0x0000000081600000, 0x0000000100000000)
  region size 1024K, 0 young (0K), 0 survivors (0K)
 Metaspace       used 38995K, committed 40192K, reserved 1114112K
  class space    used 5315K, committed 5760K, reserved 1048576K
}
Event: 1779.077 GC heap before
{Heap before GC invocations=21 (full 2):
 garbage-first heap   total 58368K, used 50284K [0x0000000081600000, 0x0000000100000000)
  region size 1024K, 33 young (33792K), 0 survivors (0K)
 Metaspace       used 39022K, committed 40192K, reserved 1114112K
  class space    used 5322K, committed 5760K, reserved 1048576K
}
Event: 1779.082 GC heap after
{Heap after GC invocations=22 (full 2):
 garbage-first heap   total 58368K, used 20070K [0x0000000081600000, 0x0000000100000000)
  region size 1024K, 4 young (4096K), 4 survivors (4096K)
 Metaspace       used 39022K, committed 40192K, reserved 1114112K
  class space    used 5322K, committed 5760K, reserved 1048576K
}
Event: 1779.522 GC heap before
{Heap before GC invocations=22 (full 2):
 garbage-first heap   total 58368K, used 48742K [0x0000000081600000, 0x0000000100000000)
  region size 1024K, 32 young (32768K), 4 survivors (4096K)
 Metaspace       used 39288K, committed 40192K, reserved 1114112K
  class space    used 5389K, committed 5760K, reserved 1048576K
}
Event: 1779.531 GC heap after
{Heap after GC invocations=23 (full 2):
 garbage-first heap   total 58368K, used 23953K [0x0000000081600000, 0x0000000100000000)
  region size 1024K, 4 young (4096K), 4 survivors (4096K)
 Metaspace       used 39288K, committed 40192K, reserved 1114112K
  class space    used 5389K, committed 5760K, reserved 1048576K
}
Event: 1822.740 GC heap before
{Heap before GC invocations=23 (full 2):
 garbage-first heap   total 58368K, used 27025K [0x0000000081600000, 0x0000000100000000)
  region size 1024K, 8 young (8192K), 4 survivors (4096K)
 Metaspace       used 39309K, committed 40192K, reserved 1114112K
  class space    used 5392K, committed 5760K, reserved 1048576K
}
Event: 1822.789 GC heap after
{Heap after GC invocations=24 (full 3):
 garbage-first heap   total 58368K, used 18712K [0x0000000081600000, 0x0000000100000000)
  region size 1024K, 0 young (0K), 0 survivors (0K)
 Metaspace       used 39199K, committed 40192K, reserved 1114112K
  class space    used 5366K, committed 5760K, reserved 1048576K
}
Event: 1823.853 GC heap before
{Heap before GC invocations=24 (full 3):
 garbage-first heap   total 58368K, used 47384K [0x0000000081600000, 0x0000000100000000)
  region size 1024K, 29 young (29696K), 0 survivors (0K)
 Metaspace       used 39202K, committed 40192K, reserved 1114112K
  class space    used 5367K, committed 5760K, reserved 1048576K
}
Event: 1823.857 GC heap after
{Heap after GC invocations=25 (full 3):
 garbage-first heap   total 58368K, used 21486K [0x0000000081600000, 0x0000000100000000)
  region size 1024K, 3 young (3072K), 3 survivors (3072K)
 Metaspace       used 39202K, committed 40192K, reserved 1114112K
  class space    used 5367K, committed 5760K, reserved 1048576K
}
Event: 1824.261 GC heap before
{Heap before GC invocations=25 (full 3):
 garbage-first heap   total 58368K, used 49134K [0x0000000081600000, 0x0000000100000000)
  region size 1024K, 30 young (30720K), 3 survivors (3072K)
 Metaspace       used 39206K, committed 40192K, reserved 1114112K
  class space    used 5369K, committed 5760K, reserved 1048576K
}
Event: 1824.269 GC heap after
{Heap after GC invocations=26 (full 3):
 garbage-first heap   total 58368K, used 23125K [0x0000000081600000, 0x0000000100000000)
  region size 1024K, 2 young (2048K), 2 survivors (2048K)
 Metaspace       used 39206K, committed 40192K, reserved 1114112K
  class space    used 5369K, committed 5760K, reserved 1048576K
}
Event: 1845.986 GC heap before
{Heap before GC invocations=26 (full 3):
 garbage-first heap   total 58368K, used 25173K [0x0000000081600000, 0x0000000100000000)
  region size 1024K, 5 young (5120K), 2 survivors (2048K)
 Metaspace       used 39212K, committed 40192K, reserved 1114112K
  class space    used 5370K, committed 5760K, reserved 1048576K
}
Event: 1846.032 GC heap after
{Heap after GC invocations=27 (full 4):
 garbage-first heap   total 58368K, used 18879K [0x0000000081600000, 0x0000000100000000)
  region size 1024K, 0 young (0K), 0 survivors (0K)
 Metaspace       used 39048K, committed 40192K, reserved 1114112K
  class space    used 5327K, committed 5760K, reserved 1048576K
}
Event: 1846.568 GC heap before
{Heap before GC invocations=27 (full 4):
 garbage-first heap   total 58368K, used 48575K [0x0000000081600000, 0x0000000100000000)
  region size 1024K, 29 young (29696K), 0 survivors (0K)
 Metaspace       used 39084K, committed 40192K, reserved 1114112K
  class space    used 5334K, committed 5760K, reserved 1048576K
}
Event: 1846.573 GC heap after
{Heap after GC invocations=28 (full 4):
 garbage-first heap   total 58368K, used 21644K [0x0000000081600000, 0x0000000100000000)
  region size 1024K, 3 young (3072K), 3 survivors (3072K)
 Metaspace       used 39084K, committed 40192K, reserved 1114112K
  class space    used 5334K, committed 5760K, reserved 1048576K
}

